<?xml version="1.0" encoding="UTF-8"?>
<testng-results ignored="0" total="9" passed="9" failed="0" skipped="0">
  <reporter-output>
  </reporter-output>
  <suite started-at="2023-11-21T12:41:08Z" name="All Test Suite" finished-at="2023-11-21T12:42:25Z" duration-ms="76444">
    <groups>
      <group name="cucumber">
        <method signature="AbstractTestNGCucumberTests.runScenario(io.cucumber.testng.PickleWrapper, io.cucumber.testng.FeatureWrapper)[pri:0, instance:Runner@6ab778a]" name="runScenario" class="io.cucumber.testng.AbstractTestNGCucumberTests"/>
      </group> <!-- cucumber -->
    </groups>
    <test started-at="2023-11-21T12:41:08Z" name="Test using playwright" finished-at="2023-11-21T12:42:25Z" duration-ms="76444">
      <class name="Runner">
        <test-method is-config="true" signature="setUpClass(org.testng.ITestContext)[pri:0, instance:Runner@6ab778a]" started-at="2023-11-21T12:41:08Z" name="setUpClass" finished-at="2023-11-21T12:41:09Z" duration-ms="534" status="PASS">
          <params>
            <param index="0">
              <value>
                <![CDATA[org.testng.TestRunner@11841b15]]>
              </value>
            </param>
          </params>
          <reporter-output>
          </reporter-output>
        </test-method> <!-- setUpClass -->
        <test-method signature="runScenario(io.cucumber.testng.PickleWrapper, io.cucumber.testng.FeatureWrapper)[pri:0, instance:Runner@6ab778a]" started-at="2023-11-21T12:41:09Z" name="runScenario" description="Runs Cucumber Scenarios" data-provider="scenarios" finished-at="2023-11-21T12:41:19Z" duration-ms="10406" status="PASS">
          <params>
            <param index="0">
              <value>
                <![CDATA["Verify login functionality with correct username and correct password"]]>
              </value>
            </param>
            <param index="1">
              <value>
                <![CDATA["Login"]]>
              </value>
            </param>
          </params>
          <reporter-output>
          </reporter-output>
        </test-method> <!-- runScenario -->
        <test-method signature="runScenario(io.cucumber.testng.PickleWrapper, io.cucumber.testng.FeatureWrapper)[pri:0, instance:Runner@6ab778a]" started-at="2023-11-21T12:41:19Z" name="runScenario" description="Runs Cucumber Scenarios" data-provider="scenarios" finished-at="2023-11-21T12:41:27Z" duration-ms="7173" status="PASS">
          <params>
            <param index="0">
              <value>
                <![CDATA["Verify login functionality with incorrect username and correct password"]]>
              </value>
            </param>
            <param index="1">
              <value>
                <![CDATA["Login"]]>
              </value>
            </param>
          </params>
          <reporter-output>
          </reporter-output>
        </test-method> <!-- runScenario -->
        <test-method signature="runScenario(io.cucumber.testng.PickleWrapper, io.cucumber.testng.FeatureWrapper)[pri:0, instance:Runner@6ab778a]" started-at="2023-11-21T12:41:27Z" name="runScenario" description="Runs Cucumber Scenarios" data-provider="scenarios" finished-at="2023-11-21T12:41:34Z" duration-ms="6915" status="PASS">
          <params>
            <param index="0">
              <value>
                <![CDATA["Verify login functionality with incorrect username and incorrect password"]]>
              </value>
            </param>
            <param index="1">
              <value>
                <![CDATA["Login"]]>
              </value>
            </param>
          </params>
          <reporter-output>
          </reporter-output>
        </test-method> <!-- runScenario -->
        <test-method signature="runScenario(io.cucumber.testng.PickleWrapper, io.cucumber.testng.FeatureWrapper)[pri:0, instance:Runner@6ab778a]" started-at="2023-11-21T12:41:34Z" name="runScenario" description="Runs Cucumber Scenarios" data-provider="scenarios" finished-at="2023-11-21T12:41:41Z" duration-ms="7217" status="PASS">
          <params>
            <param index="0">
              <value>
                <![CDATA["Verify login functionality with correct username and incorrect password"]]>
              </value>
            </param>
            <param index="1">
              <value>
                <![CDATA["Login"]]>
              </value>
            </param>
          </params>
          <reporter-output>
          </reporter-output>
        </test-method> <!-- runScenario -->
        <test-method signature="runScenario(io.cucumber.testng.PickleWrapper, io.cucumber.testng.FeatureWrapper)[pri:0, instance:Runner@6ab778a]" started-at="2023-11-21T12:41:41Z" name="runScenario" description="Runs Cucumber Scenarios" data-provider="scenarios" finished-at="2023-11-21T12:41:51Z" duration-ms="10346" status="PASS">
          <params>
            <param index="0">
              <value>
                <![CDATA["Check that user is able to order an product from the application"]]>
              </value>
            </param>
            <param index="1">
              <value>
                <![CDATA["Check order functionality"]]>
              </value>
            </param>
          </params>
          <reporter-output>
          </reporter-output>
        </test-method> <!-- runScenario -->
        <test-method signature="runScenario(io.cucumber.testng.PickleWrapper, io.cucumber.testng.FeatureWrapper)[pri:0, instance:Runner@6ab778a]" started-at="2023-11-21T12:41:51Z" name="runScenario" description="Runs Cucumber Scenarios" data-provider="scenarios" finished-at="2023-11-21T12:42:01Z" duration-ms="9475" status="PASS">
          <params>
            <param index="0">
              <value>
                <![CDATA["check that user is able to make a successful order for multiple selected products"]]>
              </value>
            </param>
            <param index="1">
              <value>
                <![CDATA["Check order functionality"]]>
              </value>
            </param>
          </params>
          <reporter-output>
          </reporter-output>
        </test-method> <!-- runScenario -->
        <test-method signature="runScenario(io.cucumber.testng.PickleWrapper, io.cucumber.testng.FeatureWrapper)[pri:0, instance:Runner@6ab778a]" started-at="2023-11-21T12:42:01Z" name="runScenario" description="Runs Cucumber Scenarios" data-provider="scenarios" finished-at="2023-11-21T12:42:09Z" duration-ms="8128" status="PASS">
          <params>
            <param index="0">
              <value>
                <![CDATA["Check that user is able to get an error when user didn't provide firstname under delivery information page"]]>
              </value>
            </param>
            <param index="1">
              <value>
                <![CDATA["Check order functionality"]]>
              </value>
            </param>
          </params>
          <reporter-output>
          </reporter-output>
        </test-method> <!-- runScenario -->
        <test-method signature="runScenario(io.cucumber.testng.PickleWrapper, io.cucumber.testng.FeatureWrapper)[pri:0, instance:Runner@6ab778a]" started-at="2023-11-21T12:42:09Z" name="runScenario" description="Runs Cucumber Scenarios" data-provider="scenarios" finished-at="2023-11-21T12:42:17Z" duration-ms="8095" status="PASS">
          <params>
            <param index="0">
              <value>
                <![CDATA["Check that user is able to get an error when user didn't provide lastname under delivery information page"]]>
              </value>
            </param>
            <param index="1">
              <value>
                <![CDATA["Check order functionality"]]>
              </value>
            </param>
          </params>
          <reporter-output>
          </reporter-output>
        </test-method> <!-- runScenario -->
        <test-method signature="runScenario(io.cucumber.testng.PickleWrapper, io.cucumber.testng.FeatureWrapper)[pri:0, instance:Runner@6ab778a]" started-at="2023-11-21T12:42:17Z" name="runScenario" description="Runs Cucumber Scenarios" data-provider="scenarios" finished-at="2023-11-21T12:42:25Z" duration-ms="8103" status="PASS">
          <params>
            <param index="0">
              <value>
                <![CDATA["Check that user is able to get an error when user didn't provide ZipCode under delivery information page"]]>
              </value>
            </param>
            <param index="1">
              <value>
                <![CDATA["Check order functionality"]]>
              </value>
            </param>
          </params>
          <reporter-output>
          </reporter-output>
        </test-method> <!-- runScenario -->
        <test-method is-config="true" signature="tearDownClass()[pri:0, instance:Runner@6ab778a]" started-at="2023-11-21T12:42:25Z" name="tearDownClass" finished-at="2023-11-21T12:42:25Z" duration-ms="38" status="PASS">
          <reporter-output>
          </reporter-output>
        </test-method> <!-- tearDownClass -->
      </class> <!-- Runner -->
    </test> <!-- Test using playwright -->
  </suite> <!-- All Test Suite -->
</testng-results>
