<?xml version="1.0" encoding="UTF-8"?>
<testsuite xmlns:xsi="http://www.w3.org/2001/XMLSchema-instance" xsi:noNamespaceSchemaLocation="https://maven.apache.org/surefire/maven-surefire-plugin/xsd/surefire-test-report-3.0.xsd" version="3.0" name="TestSuite" time="77.163" tests="9" errors="0" skipped="0" failures="0">
  <properties>
[...]
</properties>
  <testcase name="runScenario[&quot;Verify login functionality with correct username and correct password&quot;, &quot;Login&quot;](1)" classname="Runner" time="10.425">
    <system-out><![CDATA[
Scenario Outline: Verify login functionality with correct username and correct password # src/test/java/Feature/Login.feature:9
  When User navigated to website                                                        # Steps.MyStepdefs.userNavigatedToWebsite()
  And Fill his correct "standard_user" and correct "secret_sauce"                       # Steps.MyStepdefs.fillHisCorrectAndCorrect(java.lang.String,java.lang.String)
  Then User should be able to see Homepage of the application.                          # Steps.MyStepdefs.userShouldBeAbleToSeeHomepageOfTheApplication()
]]></system-out>
  </testcase>
  <testcase name="runScenario[&quot;Verify login functionality with incorrect username and correct password&quot;, &quot;Login&quot;](2)" classname="Runner" time="7.15">
    <system-out><![CDATA[
Scenario Outline: Verify login functionality with incorrect username and correct password # src/test/java/Feature/Login.feature:17
  When User navigated to website                                                          # Steps.MyStepdefs.userNavigatedToWebsite()
  And Fill his correct "standard_use" and correct "secret_sauce"                          # Steps.MyStepdefs.fillHisCorrectAndCorrect(java.lang.String,java.lang.String)
  Then an error should appear in front of user                                            # Steps.Login.anErrorShouldAppearInFrontOfUser()
]]></system-out>
  </testcase>
  <testcase name="runScenario[&quot;Verify login functionality with incorrect username and incorrect password&quot;, &quot;Login&quot;](3)" classname="Runner" time="6.915">
    <system-out><![CDATA[
Scenario Outline: Verify login functionality with incorrect username and incorrect password # src/test/java/Feature/Login.feature:25
  When User navigated to website                                                            # Steps.MyStepdefs.userNavigatedToWebsite()
  And Fill his correct "standard_use" and correct "secret_sauc"                             # Steps.MyStepdefs.fillHisCorrectAndCorrect(java.lang.String,java.lang.String)
  Then an error should appear in front of user                                              # Steps.Login.anErrorShouldAppearInFrontOfUser()
]]></system-out>
  </testcase>
  <testcase name="runScenario[&quot;Verify login functionality with correct username and incorrect password&quot;, &quot;Login&quot;](4)" classname="Runner" time="7.217">
    <system-out><![CDATA[
Scenario Outline: Verify login functionality with correct username and incorrect password # src/test/java/Feature/Login.feature:33
  When User navigated to website                                                          # Steps.MyStepdefs.userNavigatedToWebsite()
  And Fill his correct "standard_user" and correct "secret_sauc"                          # Steps.MyStepdefs.fillHisCorrectAndCorrect(java.lang.String,java.lang.String)
  Then an error should appear in front of user                                            # Steps.Login.anErrorShouldAppearInFrontOfUser()
]]></system-out>
  </testcase>
  <testcase name="runScenario[&quot;Check that user is able to order an product from the application&quot;, &quot;Check order functionality&quot;](5)" classname="Runner" time="10.346">
    <system-out><![CDATA[
Scenario Outline: Check that user is able to order an product from the application   # src/test/java/Feature/Order.feature:10
  When User navigated to website                                                     # Steps.MyStepdefs.userNavigatedToWebsite()
  And Fill his correct "standard_user" and correct "secret_sauce"                    # Steps.MyStepdefs.fillHisCorrectAndCorrect(java.lang.String,java.lang.String)
  And selects his product which he want to order                                     # Steps.Order.selectsHisProductWhichHeWantToOrder()
  Then user will be able to order his product after filling his delivery information # Steps.Order.userWillBeAbleToOrderHisProductAfterFillingHisDeliveryInformation()
]]></system-out>
  </testcase>
  <testcase name="runScenario[&quot;check that user is able to make a successful order for multiple selected products&quot;, &quot;Check order functionality&quot;](6)" classname="Runner" time="9.475">
    <system-out><![CDATA[
Scenario Outline: check that user is able to make a successful order for multiple selected products # src/test/java/Feature/Order.feature:20
  When User navigated to website                                                                    # Steps.MyStepdefs.userNavigatedToWebsite()
  And Fill his correct "standard_user" and correct "secret_sauce"                                   # Steps.MyStepdefs.fillHisCorrectAndCorrect(java.lang.String,java.lang.String)
  And selects his products which he want to order                                                   # Steps.MultiOrder.selectsHisProductsWhichHeWantTooOrder()
  Then user will be able to order his product after filling his delivery information                # Steps.Order.userWillBeAbleToOrderHisProductAfterFillingHisDeliveryInformation()
]]></system-out>
  </testcase>
  <testcase name="runScenario[&quot;Check that user is able to get an error when user didn&apos;t provide firstname under delivery information page&quot;, &quot;Check order functionality&quot;](7)" classname="Runner" time="8.128">
    <system-out><![CDATA[
Scenario Outline: Check that user is able to get an error when user didn't provide firstname under delivery information page # src/test/java/Feature/Order.feature:29
  When User navigated to website                                                                                             # Steps.MyStepdefs.userNavigatedToWebsite()
  And Fill his correct "standard_user" and correct "secret_sauce"                                                            # Steps.MyStepdefs.fillHisCorrectAndCorrect(java.lang.String,java.lang.String)
  And selects his product which he want to order                                                                             # Steps.Order.selectsHisProductWhichHeWantToOrder()
  Then user should be able to an error if don't provide any firstname under delivery information page                        # Steps.InformationPage.userShouldBeAbleToAnErrorIfDonProvideAnyFirstnameUnderDeliveryInformationPage()
]]></system-out>
  </testcase>
  <testcase name="runScenario[&quot;Check that user is able to get an error when user didn&apos;t provide lastname under delivery information page&quot;, &quot;Check order functionality&quot;](8)" classname="Runner" time="8.095">
    <system-out><![CDATA[
Scenario Outline: Check that user is able to get an error when user didn't provide lastname under delivery information page # src/test/java/Feature/Order.feature:38
  When User navigated to website                                                                                            # Steps.MyStepdefs.userNavigatedToWebsite()
  And Fill his correct "standard_user" and correct "secret_sauce"                                                           # Steps.MyStepdefs.fillHisCorrectAndCorrect(java.lang.String,java.lang.String)
  And selects his product which he want to order                                                                            # Steps.Order.selectsHisProductWhichHeWantToOrder()
  Then user should be able to an error if don't provide any lastname under delivery information page                        # Steps.InformationPage.userShouldBeAbleToAnErrorIfDonTProvideAnyLastnameUnderDeliveryInformationPage()
]]></system-out>
  </testcase>
  <testcase name="runScenario[&quot;Check that user is able to get an error when user didn&apos;t provide ZipCode under delivery information page&quot;, &quot;Check order functionality&quot;](9)" classname="Runner" time="8.104">
    <system-out><![CDATA[
Scenario Outline: Check that user is able to get an error when user didn't provide ZipCode under delivery information page # src/test/java/Feature/Order.feature:47
  When User navigated to website                                                                                           # Steps.MyStepdefs.userNavigatedToWebsite()
  And Fill his correct "standard_user" and correct "secret_sauce"                                                          # Steps.MyStepdefs.fillHisCorrectAndCorrect(java.lang.String,java.lang.String)
  And selects his product which he want to order                                                                           # Steps.Order.selectsHisProductWhichHeWantToOrder()
  Then user should be able to an error if don't provide any ZipCode under delivery information page                        # Steps.InformationPage.userShouldBeAbleToAnErrorIfDonTProvideAnyZipCodeUnderDeliveryInformationPage()
]]></system-out>
  </testcase>
</testsuite>